android/app/build/intermediates/manifest_merge_blame_file/debug/manifest-merger-blame-debug-report.txt
1<?xml version="1.0" encoding="utf-8"?>
2<manifest xmlns:android="http://schemas.android.com/apk/res/android"
3    package="com.cricketinfo"
4    android:versionCode="1"
5    android:versionName="1.0" >
6
7    <uses-sdk
8        android:minSdkVersion="16"
9        android:targetSdkVersion="29" />
10
11    <uses-permission android:name="android.permission.SYSTEM_ALERT_WINDOW" />
11-->src/debug/AndroidManifest.xml:5:5-77
11-->src/debug/AndroidManifest.xml:5:22-75
12    <uses-permission android:name="android.permission.INTERNET" />
12-->src/main/AndroidManifest.xml:4:5-67
12-->src/main/AndroidManifest.xml:4:22-64
13    <uses-permission android:name="android.permission.ACCESS_WIFI_STATE" />
13-->[com.facebook.flipper:flipper:0.54.0] AndroidManifest.xml:16:5-76
13-->[com.facebook.flipper:flipper:0.54.0] AndroidManifest.xml:16:22-73
14    <uses-permission android:name="android.permission.ACCESS_NETWORK_STATE" />
14-->[:react-native-firebase_analytics] AndroidManifest.xml:11:5-79
14-->[:react-native-firebase_analytics] AndroidManifest.xml:11:22-76
15    <uses-permission android:name="android.permission.WAKE_LOCK" />
15-->[:react-native-firebase_analytics] AndroidManifest.xml:13:5-68
15-->[:react-native-firebase_analytics] AndroidManifest.xml:13:22-65
16    <uses-permission android:name="com.google.android.finsky.permission.BIND_GET_INSTALL_REFERRER_SERVICE" />
16-->[com.google.android.gms:play-services-measurement:18.0.2] AndroidManifest.xml:26:5-110
16-->[com.google.android.gms:play-services-measurement:18.0.2] AndroidManifest.xml:26:22-107
17
18    <application
18-->src/main/AndroidManifest.xml:6:5-26:19
19        android:name="com.cricketinfo.MainApplication"
19-->src/main/AndroidManifest.xml:7:7-38
20        android:allowBackup="false"
20-->src/main/AndroidManifest.xml:11:7-34
21        android:appComponentFactory="androidx.core.app.CoreComponentFactory"
21-->[androidx.core:core:1.1.0] AndroidManifest.xml:24:18-86
22        android:debuggable="true"
23        android:icon="@mipmap/ic_launcher_custom"
23-->src/main/AndroidManifest.xml:9:7-48
24        android:label="@string/app_name"
24-->src/main/AndroidManifest.xml:8:7-39
25        android:roundIcon="@mipmap/ic_launcher_custom_round"
25-->src/main/AndroidManifest.xml:10:7-59
26        android:supportsRtl="true"
26-->[com.facebook.android:facebook-android-sdk:9.0.0] AndroidManifest.xml:28:18-44
27        android:theme="@style/AppTheme"
27-->src/main/AndroidManifest.xml:12:7-38
28        android:usesCleartextTraffic="true" >
28-->src/debug/AndroidManifest.xml:7:18-53
29        <meta-data
29-->src/main/AndroidManifest.xml:13:7-105
30            android:name="com.facebook.sdk.ApplicationId"
30-->src/main/AndroidManifest.xml:13:18-63
31            android:value="@string/facebook_app_id" />
31-->src/main/AndroidManifest.xml:13:64-103
32
33        <activity
33-->src/main/AndroidManifest.xml:14:7-24:18
34            android:name="com.cricketinfo.MainActivity"
34-->src/main/AndroidManifest.xml:15:9-37
35            android:configChanges="keyboard|keyboardHidden|orientation|screenSize|uiMode"
35-->src/main/AndroidManifest.xml:17:9-86
36            android:label="@string/app_name"
36-->src/main/AndroidManifest.xml:16:9-41
37            android:launchMode="singleTask"
37-->src/main/AndroidManifest.xml:18:9-40
38            android:windowSoftInputMode="adjustResize" >
38-->src/main/AndroidManifest.xml:19:9-51
39            <intent-filter>
39-->src/main/AndroidManifest.xml:20:9-23:25
40                <action android:name="android.intent.action.MAIN" />
40-->src/main/AndroidManifest.xml:21:13-65
40-->src/main/AndroidManifest.xml:21:21-62
41
42                <category android:name="android.intent.category.LAUNCHER" />
42-->src/main/AndroidManifest.xml:22:13-73
42-->src/main/AndroidManifest.xml:22:23-70
43            </intent-filter>
44        </activity>
45        <activity android:name="com.facebook.react.devsupport.DevSettingsActivity" />
45-->src/main/AndroidManifest.xml:25:7-84
45-->src/main/AndroidManifest.xml:25:17-81
46
47        <meta-data
47-->[:react-native-firebase_analytics] AndroidManifest.xml:16:9-18:36
48            android:name="firebase_analytics_collection_enabled"
48-->[:react-native-firebase_analytics] AndroidManifest.xml:17:13-65
49            android:value="true" />
49-->[:react-native-firebase_analytics] AndroidManifest.xml:18:13-33
50
51        <provider
51-->[:react-native-webview] AndroidManifest.xml:12:9-20:20
52            android:name="com.reactnativecommunity.webview.RNCWebViewFileProvider"
52-->[:react-native-webview] AndroidManifest.xml:13:13-83
53            android:authorities="com.cricketinfo.fileprovider"
53-->[:react-native-webview] AndroidManifest.xml:14:13-64
54            android:exported="false"
54-->[:react-native-webview] AndroidManifest.xml:15:13-37
55            android:grantUriPermissions="true" >
55-->[:react-native-webview] AndroidManifest.xml:16:13-47
56            <meta-data
56-->[:react-native-webview] AndroidManifest.xml:17:13-19:63
57                android:name="android.support.FILE_PROVIDER_PATHS"
57-->[:react-native-webview] AndroidManifest.xml:18:17-67
58                android:resource="@xml/file_provider_paths" />
58-->[:react-native-webview] AndroidManifest.xml:19:17-60
59        </provider>
60
61        <activity
61-->[com.facebook.android:facebook-common:9.0.0] AndroidManifest.xml:30:9-33:66
62            android:name="com.facebook.FacebookActivity"
62-->[com.facebook.android:facebook-common:9.0.0] AndroidManifest.xml:31:13-57
63            android:configChanges="keyboard|keyboardHidden|screenLayout|screenSize|orientation"
63-->[com.facebook.android:facebook-common:9.0.0] AndroidManifest.xml:32:13-96
64            android:theme="@style/com_facebook_activity_theme" />
64-->[com.facebook.android:facebook-common:9.0.0] AndroidManifest.xml:33:13-63
65        <activity android:name="com.facebook.CustomTabMainActivity" />
65-->[com.facebook.android:facebook-common:9.0.0] AndroidManifest.xml:34:9-71
65-->[com.facebook.android:facebook-common:9.0.0] AndroidManifest.xml:34:19-68
66        <activity
66-->[com.facebook.android:facebook-common:9.0.0] AndroidManifest.xml:35:9-49:20
67            android:name="com.facebook.CustomTabActivity"
67-->[com.facebook.android:facebook-common:9.0.0] AndroidManifest.xml:36:13-58
68            android:exported="true" >
68-->[com.facebook.android:facebook-common:9.0.0] AndroidManifest.xml:37:13-36
69            <intent-filter>
69-->[com.facebook.android:facebook-common:9.0.0] AndroidManifest.xml:39:13-48:29
70                <action android:name="android.intent.action.VIEW" />
70-->[com.facebook.android:facebook-common:9.0.0] AndroidManifest.xml:40:17-69
70-->[com.facebook.android:facebook-common:9.0.0] AndroidManifest.xml:40:25-66
71
72                <category android:name="android.intent.category.DEFAULT" />
72-->[com.facebook.android:facebook-common:9.0.0] AndroidManifest.xml:42:17-76
72-->[com.facebook.android:facebook-common:9.0.0] AndroidManifest.xml:42:27-73
73                <category android:name="android.intent.category.BROWSABLE" />
73-->[com.facebook.android:facebook-common:9.0.0] AndroidManifest.xml:43:17-78
73-->[com.facebook.android:facebook-common:9.0.0] AndroidManifest.xml:43:27-75
74
75                <data
75-->[com.facebook.android:facebook-common:9.0.0] AndroidManifest.xml:45:17-47:50
76                    android:host="cct.com.cricketinfo"
76-->[com.facebook.android:facebook-common:9.0.0] AndroidManifest.xml:46:21-56
77                    android:scheme="fbconnect" />
77-->[com.facebook.android:facebook-common:9.0.0] AndroidManifest.xml:47:21-47
78            </intent-filter>
79        </activity>
80
81        <service
81-->[com.google.firebase:firebase-firestore:22.1.0] AndroidManifest.xml:17:9-23:19
82            android:name="com.google.firebase.components.ComponentDiscoveryService"
82-->[com.google.firebase:firebase-firestore:22.1.0] AndroidManifest.xml:18:13-84
83            android:directBootAware="true"
83-->[com.google.firebase:firebase-common:19.5.0] AndroidManifest.xml:35:13-43
84            android:exported="false" >
84-->[com.google.firebase:firebase-firestore:22.1.0] AndroidManifest.xml:19:13-37
85            <meta-data
85-->[com.google.firebase:firebase-firestore:22.1.0] AndroidManifest.xml:20:13-22:85
86                android:name="com.google.firebase.components:com.google.firebase.firestore.FirestoreRegistrar"
86-->[com.google.firebase:firebase-firestore:22.1.0] AndroidManifest.xml:21:17-111
87                android:value="com.google.firebase.components.ComponentRegistrar" />
87-->[com.google.firebase:firebase-firestore:22.1.0] AndroidManifest.xml:22:17-82
88            <meta-data
88-->[com.google.firebase:firebase-auth:20.0.2] AndroidManifest.xml:77:13-79:85
89                android:name="com.google.firebase.components:com.google.firebase.auth.FirebaseAuthRegistrar"
89-->[com.google.firebase:firebase-auth:20.0.2] AndroidManifest.xml:78:17-109
90                android:value="com.google.firebase.components.ComponentRegistrar" />
90-->[com.google.firebase:firebase-auth:20.0.2] AndroidManifest.xml:79:17-82
91            <meta-data
91-->[com.google.android.gms:play-services-measurement-api:18.0.2] AndroidManifest.xml:30:13-32:85
92                android:name="com.google.firebase.components:com.google.firebase.analytics.connector.internal.AnalyticsConnectorRegistrar"
92-->[com.google.android.gms:play-services-measurement-api:18.0.2] AndroidManifest.xml:31:17-139
93                android:value="com.google.firebase.components.ComponentRegistrar" />
93-->[com.google.android.gms:play-services-measurement-api:18.0.2] AndroidManifest.xml:32:17-82
94            <meta-data
94-->[com.google.firebase:firebase-installations:16.3.5] AndroidManifest.xml:18:13-20:85
95                android:name="com.google.firebase.components:com.google.firebase.installations.FirebaseInstallationsRegistrar"
95-->[com.google.firebase:firebase-installations:16.3.5] AndroidManifest.xml:19:17-127
96                android:value="com.google.firebase.components.ComponentRegistrar" />
96-->[com.google.firebase:firebase-installations:16.3.5] AndroidManifest.xml:20:17-82
97            <!--
98                This registrar is not defined in the dynamic-module-support sdk itself to allow non-firebase
99                clients to use it as well, by defining this registrar in their own core/common library.
100            -->
101            <meta-data
101-->[com.google.firebase:firebase-common:19.5.0] AndroidManifest.xml:43:13-45:85
102                android:name="com.google.firebase.components:com.google.firebase.dynamicloading.DynamicLoadingRegistrar"
102-->[com.google.firebase:firebase-common:19.5.0] AndroidManifest.xml:44:17-121
103                android:value="com.google.firebase.components.ComponentRegistrar" />
103-->[com.google.firebase:firebase-common:19.5.0] AndroidManifest.xml:45:17-82
104        </service>
105        <!--
106         The initialization ContentProvider will call FacebookSdk.sdkInitialize automatically
107         with the application context. This config is merged in with the host app's manifest,
108         but there can only be one provider with the same authority activated at any given
109         point; so if the end user has two or more different apps that use Facebook SDK, only the
110         first one will be able to use the provider. To work around this problem, we use the
111         following placeholder in the authority to identify each host application as if it was
112         a completely different provider.
113        -->
114        <provider
114-->[com.facebook.android:facebook-core:9.0.0] AndroidManifest.xml:39:9-42:40
115            android:name="com.facebook.internal.FacebookInitProvider"
115-->[com.facebook.android:facebook-core:9.0.0] AndroidManifest.xml:40:13-70
116            android:authorities="com.cricketinfo.FacebookInitProvider"
116-->[com.facebook.android:facebook-core:9.0.0] AndroidManifest.xml:41:13-72
117            android:exported="false" />
117-->[com.facebook.android:facebook-core:9.0.0] AndroidManifest.xml:42:13-37
118
119        <receiver
119-->[com.facebook.android:facebook-core:9.0.0] AndroidManifest.xml:44:9-50:20
120            android:name="com.facebook.CurrentAccessTokenExpirationBroadcastReceiver"
120-->[com.facebook.android:facebook-core:9.0.0] AndroidManifest.xml:45:13-86
121            android:exported="false" >
121-->[com.facebook.android:facebook-core:9.0.0] AndroidManifest.xml:46:13-37
122            <intent-filter>
122-->[com.facebook.android:facebook-core:9.0.0] AndroidManifest.xml:47:13-49:29
123                <action android:name="com.facebook.sdk.ACTION_CURRENT_ACCESS_TOKEN_CHANGED" />
123-->[com.facebook.android:facebook-core:9.0.0] AndroidManifest.xml:48:17-95
123-->[com.facebook.android:facebook-core:9.0.0] AndroidManifest.xml:48:25-92
124            </intent-filter>
125        </receiver>
126
127        <activity
127-->[com.google.android.gms:play-services-auth:19.0.0] AndroidManifest.xml:23:9-27:75
128            android:name="com.google.android.gms.auth.api.signin.internal.SignInHubActivity"
128-->[com.google.android.gms:play-services-auth:19.0.0] AndroidManifest.xml:24:13-93
129            android:excludeFromRecents="true"
129-->[com.google.android.gms:play-services-auth:19.0.0] AndroidManifest.xml:25:13-46
130            android:exported="false"
130-->[com.google.android.gms:play-services-auth:19.0.0] AndroidManifest.xml:26:13-37
131            android:theme="@android:style/Theme.Translucent.NoTitleBar" />
131-->[com.google.android.gms:play-services-auth:19.0.0] AndroidManifest.xml:27:13-72
132        <!--
133            Service handling Google Sign-In user revocation. For apps that do not integrate with
134            Google Sign-In, this service will never be started.
135        -->
136        <service
136-->[com.google.android.gms:play-services-auth:19.0.0] AndroidManifest.xml:33:9-37:51
137            android:name="com.google.android.gms.auth.api.signin.RevocationBoundService"
137-->[com.google.android.gms:play-services-auth:19.0.0] AndroidManifest.xml:34:13-89
138            android:exported="true"
138-->[com.google.android.gms:play-services-auth:19.0.0] AndroidManifest.xml:35:13-36
139            android:permission="com.google.android.gms.auth.api.signin.permission.REVOCATION_NOTIFICATION"
139-->[com.google.android.gms:play-services-auth:19.0.0] AndroidManifest.xml:36:13-107
140            android:visibleToInstantApps="true" />
140-->[com.google.android.gms:play-services-auth:19.0.0] AndroidManifest.xml:37:13-48
141
142        <activity
142-->[com.google.firebase:firebase-auth:20.0.2] AndroidManifest.xml:27:9-44:20
143            android:name="com.google.firebase.auth.internal.GenericIdpActivity"
143-->[com.google.firebase:firebase-auth:20.0.2] AndroidManifest.xml:28:13-80
144            android:excludeFromRecents="true"
144-->[com.google.firebase:firebase-auth:20.0.2] AndroidManifest.xml:29:13-46
145            android:exported="true"
145-->[com.google.firebase:firebase-auth:20.0.2] AndroidManifest.xml:30:13-36
146            android:launchMode="singleTask"
146-->[com.google.firebase:firebase-auth:20.0.2] AndroidManifest.xml:31:13-44
147            android:theme="@android:style/Theme.Translucent.NoTitleBar" >
147-->[com.google.firebase:firebase-auth:20.0.2] AndroidManifest.xml:32:13-72
148            <intent-filter>
148-->[com.google.firebase:firebase-auth:20.0.2] AndroidManifest.xml:33:13-43:29
149                <action android:name="android.intent.action.VIEW" />
149-->[com.facebook.android:facebook-common:9.0.0] AndroidManifest.xml:40:17-69
149-->[com.facebook.android:facebook-common:9.0.0] AndroidManifest.xml:40:25-66
150
151                <category android:name="android.intent.category.DEFAULT" />
151-->[com.facebook.android:facebook-common:9.0.0] AndroidManifest.xml:42:17-76
151-->[com.facebook.android:facebook-common:9.0.0] AndroidManifest.xml:42:27-73
152                <category android:name="android.intent.category.BROWSABLE" />
152-->[com.facebook.android:facebook-common:9.0.0] AndroidManifest.xml:43:17-78
152-->[com.facebook.android:facebook-common:9.0.0] AndroidManifest.xml:43:27-75
153
154                <data
154-->[com.facebook.android:facebook-common:9.0.0] AndroidManifest.xml:45:17-47:50
155                    android:host="firebase.auth"
155-->[com.facebook.android:facebook-common:9.0.0] AndroidManifest.xml:46:21-56
156                    android:path="/"
157                    android:scheme="genericidp" />
157-->[com.facebook.android:facebook-common:9.0.0] AndroidManifest.xml:47:21-47
158            </intent-filter>
159        </activity>
160        <activity
160-->[com.google.firebase:firebase-auth:20.0.2] AndroidManifest.xml:45:9-62:20
161            android:name="com.google.firebase.auth.internal.RecaptchaActivity"
161-->[com.google.firebase:firebase-auth:20.0.2] AndroidManifest.xml:46:13-79
162            android:excludeFromRecents="true"
162-->[com.google.firebase:firebase-auth:20.0.2] AndroidManifest.xml:47:13-46
163            android:exported="true"
163-->[com.google.firebase:firebase-auth:20.0.2] AndroidManifest.xml:48:13-36
164            android:launchMode="singleTask"
164-->[com.google.firebase:firebase-auth:20.0.2] AndroidManifest.xml:49:13-44
165            android:theme="@android:style/Theme.Translucent.NoTitleBar" >
165-->[com.google.firebase:firebase-auth:20.0.2] AndroidManifest.xml:50:13-72
166            <intent-filter>
166-->[com.google.firebase:firebase-auth:20.0.2] AndroidManifest.xml:51:13-61:29
167                <action android:name="android.intent.action.VIEW" />
167-->[com.facebook.android:facebook-common:9.0.0] AndroidManifest.xml:40:17-69
167-->[com.facebook.android:facebook-common:9.0.0] AndroidManifest.xml:40:25-66
168
169                <category android:name="android.intent.category.DEFAULT" />
169-->[com.facebook.android:facebook-common:9.0.0] AndroidManifest.xml:42:17-76
169-->[com.facebook.android:facebook-common:9.0.0] AndroidManifest.xml:42:27-73
170                <category android:name="android.intent.category.BROWSABLE" />
170-->[com.facebook.android:facebook-common:9.0.0] AndroidManifest.xml:43:17-78
170-->[com.facebook.android:facebook-common:9.0.0] AndroidManifest.xml:43:27-75
171
172                <data
172-->[com.facebook.android:facebook-common:9.0.0] AndroidManifest.xml:45:17-47:50
173                    android:host="firebase.auth"
173-->[com.facebook.android:facebook-common:9.0.0] AndroidManifest.xml:46:21-56
174                    android:path="/"
175                    android:scheme="recaptcha" />
175-->[com.facebook.android:facebook-common:9.0.0] AndroidManifest.xml:47:21-47
176            </intent-filter>
177        </activity>
178
179        <service
179-->[com.google.firebase:firebase-auth:20.0.2] AndroidManifest.xml:64:9-73:19
180            android:name="com.google.firebase.auth.api.fallback.service.FirebaseAuthFallbackService"
180-->[com.google.firebase:firebase-auth:20.0.2] AndroidManifest.xml:65:13-101
181            android:enabled="true"
181-->[com.google.firebase:firebase-auth:20.0.2] AndroidManifest.xml:66:13-35
182            android:exported="false" >
182-->[com.google.firebase:firebase-auth:20.0.2] AndroidManifest.xml:67:13-37
183            <intent-filter>
183-->[com.google.firebase:firebase-auth:20.0.2] AndroidManifest.xml:68:13-72:29
184                <action android:name="com.google.firebase.auth.api.gms.service.START" />
184-->[com.google.firebase:firebase-auth:20.0.2] AndroidManifest.xml:69:17-89
184-->[com.google.firebase:firebase-auth:20.0.2] AndroidManifest.xml:69:25-86
185
186                <category android:name="android.intent.category.DEFAULT" />
186-->[com.facebook.android:facebook-common:9.0.0] AndroidManifest.xml:42:17-76
186-->[com.facebook.android:facebook-common:9.0.0] AndroidManifest.xml:42:27-73
187            </intent-filter>
188        </service>
189
190        <activity
190-->[com.google.android.gms:play-services-base:17.1.0] AndroidManifest.xml:23:9-26:75
191            android:name="com.google.android.gms.common.api.GoogleApiActivity"
191-->[com.google.android.gms:play-services-base:17.1.0] AndroidManifest.xml:24:13-79
192            android:exported="false"
192-->[com.google.android.gms:play-services-base:17.1.0] AndroidManifest.xml:25:13-37
193            android:theme="@android:style/Theme.Translucent.NoTitleBar" />
193-->[com.google.android.gms:play-services-base:17.1.0] AndroidManifest.xml:26:13-72
194
195        <provider
195-->[com.google.firebase:firebase-common:19.5.0] AndroidManifest.xml:26:9-31:39
196            android:name="com.google.firebase.provider.FirebaseInitProvider"
196-->[com.google.firebase:firebase-common:19.5.0] AndroidManifest.xml:27:13-77
197            android:authorities="com.cricketinfo.firebaseinitprovider"
197-->[com.google.firebase:firebase-common:19.5.0] AndroidManifest.xml:28:13-72
198            android:directBootAware="true"
198-->[com.google.firebase:firebase-common:19.5.0] AndroidManifest.xml:29:13-43
199            android:exported="false"
199-->[com.google.firebase:firebase-common:19.5.0] AndroidManifest.xml:30:13-37
200            android:initOrder="100" />
200-->[com.google.firebase:firebase-common:19.5.0] AndroidManifest.xml:31:13-36
201
202        <receiver
202-->[com.google.android.gms:play-services-measurement:18.0.2] AndroidManifest.xml:29:9-33:20
203            android:name="com.google.android.gms.measurement.AppMeasurementReceiver"
203-->[com.google.android.gms:play-services-measurement:18.0.2] AndroidManifest.xml:30:13-85
204            android:enabled="true"
204-->[com.google.android.gms:play-services-measurement:18.0.2] AndroidManifest.xml:31:13-35
205            android:exported="false" >
205-->[com.google.android.gms:play-services-measurement:18.0.2] AndroidManifest.xml:32:13-37
206        </receiver>
207
208        <service
208-->[com.google.android.gms:play-services-measurement:18.0.2] AndroidManifest.xml:35:9-38:40
209            android:name="com.google.android.gms.measurement.AppMeasurementService"
209-->[com.google.android.gms:play-services-measurement:18.0.2] AndroidManifest.xml:36:13-84
210            android:enabled="true"
210-->[com.google.android.gms:play-services-measurement:18.0.2] AndroidManifest.xml:37:13-35
211            android:exported="false" />
211-->[com.google.android.gms:play-services-measurement:18.0.2] AndroidManifest.xml:38:13-37
212        <service
212-->[com.google.android.gms:play-services-measurement:18.0.2] AndroidManifest.xml:39:9-43:72
213            android:name="com.google.android.gms.measurement.AppMeasurementJobService"
213-->[com.google.android.gms:play-services-measurement:18.0.2] AndroidManifest.xml:40:13-87
214            android:enabled="true"
214-->[com.google.android.gms:play-services-measurement:18.0.2] AndroidManifest.xml:41:13-35
215            android:exported="false"
215-->[com.google.android.gms:play-services-measurement:18.0.2] AndroidManifest.xml:42:13-37
216            android:permission="android.permission.BIND_JOB_SERVICE" />
216-->[com.google.android.gms:play-services-measurement:18.0.2] AndroidManifest.xml:43:13-69
217
218        <meta-data
218-->[com.google.android.gms:play-services-basement:17.1.1] AndroidManifest.xml:23:9-25:69
219            android:name="com.google.android.gms.version"
219-->[com.google.android.gms:play-services-basement:17.1.1] AndroidManifest.xml:24:13-58
220            android:value="@integer/google_play_services_version" />
220-->[com.google.android.gms:play-services-basement:17.1.1] AndroidManifest.xml:25:13-66
221    </application>
222
223</manifest>